<?xml version="1.0" encoding="UTF-8"?>
<!-- Generated by org.testng.reporters.JUnitXMLReporter -->
<testsuite hostname="Abhijeets-MacBook-Air.local" ignored="0" name="Free CRM App Test Cases" tests="6" failures="2" timestamp="11 Mar 2020 11:37:01 GMT" time="48.492" errors="0">
  <testcase name="loginPageTitleTest" time="0.051" classname="com.crm.qa.testcases.LoginPageTest"/>
  <testcase name="verifyHomePageTitleTest" time="0.022" classname="com.crm.qa.testcases.HomePageTest">
    <failure type="java.lang.AssertionError" message="expected [Cogmento CRMjx] but found [Cogmento CRM]">
      <![CDATA[java.lang.AssertionError: expected [Cogmento CRMjx] but found [Cogmento CRM]
	at com.crm.qa.testcases.HomePageTest.verifyHomePageTitleTest(HomePageTest.java:44)
... Removed 31 stack frames]]>
    </failure>
  </testcase> <!-- verifyHomePageTitleTest -->
  <testcase name="loginTest" time="0.925" classname="com.crm.qa.testcases.LoginPageTest"/>
  <testcase name="crmLogoImageTest" time="1.756" classname="com.crm.qa.testcases.HomePageTest"/>
  <testcase name="verifyUserNameTest" time="2.473" classname="com.crm.qa.testcases.HomePageTest">
    <failure type="java.lang.AssertionError" message="expected [John Smit1h] but found [John Smith]">
      <![CDATA[java.lang.AssertionError: expected [John Smit1h] but found [John Smith]
	at com.crm.qa.testcases.HomePageTest.verifyUserNameTest(HomePageTest.java:56)
... Removed 31 stack frames]]>
    </failure>
  </testcase> <!-- verifyUserNameTest -->
  <testcase name="verifyContactsLinkTest" time="2.207" classname="com.crm.qa.testcases.HomePageTest"/>
</testsuite> <!-- Free CRM App Test Cases -->
